<?xml version="1.0" encoding="UTF-8"?>
<!-- Generated by org.testng.reporters.JUnitReportReporter -->
<testsuite hostname="DESKTOP-LV01S80" failures="0" tests="1" name="com.demoqa.sortable" time="1.901" errors="0" timestamp="5 Nov 2019 11:26:10 GMT">
  <testcase classname="com.demoqa.sortable" name="sortable" time="1.901"/>
</testsuite> <!-- com.demoqa.sortable -->
