<?xml version="1.0" encoding="UTF-8"?>
<!-- Generated by org.testng.reporters.JUnitReportReporter -->
<testsuite hostname="dell" failures="0" tests="1" name="testSelenium.Selenium_Concepts.myTest" time="5.730" errors="0" timestamp="12 Sep 2019 20:45:46 GMT">
  <testcase classname="testSelenium.Selenium_Concepts.myTest" name="test1" time="5.730"/>
</testsuite> <!-- testSelenium.Selenium_Concepts.myTest -->
