<?xml version="1.0" encoding="UTF-8"?>
<!-- Generated by org.testng.reporters.JUnitReportReporter -->
<testsuite hostname="dell" failures="0" tests="1" name="com.Selenium_Concepts.base.myTest" time="12.762" errors="0" timestamp="15 Sep 2019 13:06:05 GMT">
  <testcase classname="com.Selenium_Concepts.base.myTest" name="test1" time="12.762"/>
</testsuite> <!-- com.Selenium_Concepts.base.myTest -->
