<?xml version="1.0" encoding="UTF-8"?>
<!-- Generated by org.testng.reporters.JUnitReportReporter -->
<testsuite hostname="DESKTOP-LV01S80" failures="0" tests="1" name="com.demoqa.TooltipAndDoubleclick" time="1.532" errors="0" timestamp="5 Nov 2019 11:14:48 GMT">
  <testcase classname="com.demoqa.TooltipAndDoubleclick" name="TooltipAndDoubleclick" time="1.532"/>
</testsuite> <!-- com.demoqa.TooltipAndDoubleclick -->
