<?xml version="1.0" encoding="UTF-8"?>
<!-- Generated by org.testng.reporters.JUnitReportReporter -->
<testsuite hostname="DESKTOP-LV01S80" failures="0" tests="1" name="com.selenium.concepts.DatePicker" time="15.165" errors="0" timestamp="1 Feb 2020 09:08:43 GMT">
  <testcase classname="com.selenium.concepts.DatePicker" name="datePicker" time="15.165"/>
</testsuite> <!-- com.selenium.concepts.DatePicker -->
