<?xml version="1.0" encoding="UTF-8"?>
<!-- Generated by org.testng.reporters.JUnitReportReporter -->
<testsuite hostname="DESKTOP-LV01S80" failures="0" tests="1" name="com.selenium.concepts.Iframe" time="24.512" errors="0" timestamp="7 Nov 2019 18:05:59 GMT">
  <testcase classname="com.selenium.concepts.Iframe" name="iFrameTest" time="24.512"/>
</testsuite> <!-- com.selenium.concepts.Iframe -->
