<?xml version="1.0" encoding="UTF-8"?>
<!-- Generated by org.testng.reporters.JUnitReportReporter -->
<testsuite hostname="DESKTOP-LV01S80" failures="0" tests="1" name="com.selenium.concepts.OptionMenu" time="12.201" errors="0" timestamp="7 Nov 2019 07:41:37 GMT">
  <testcase classname="com.selenium.concepts.OptionMenu" name="testOptionMenu" time="12.201"/>
</testsuite> <!-- com.selenium.concepts.OptionMenu -->
