<?xml version="1.0" encoding="UTF-8"?>
<!-- Generated by org.testng.reporters.JUnitReportReporter -->
<testsuite hostname="DESKTOP-LV01S80" failures="0" tests="1" name="com.selenium.concepts.Iframe" time="30.375" errors="0" timestamp="2 Jan 2020 18:25:28 GMT">
  <testcase classname="com.selenium.concepts.Iframe" name="iFrameTest" time="30.375"/>
</testsuite> <!-- com.selenium.concepts.Iframe -->
