<?xml version="1.0" encoding="UTF-8"?>
<!-- Generated by org.testng.reporters.JUnitReportReporter -->
<testsuite hostname="DESKTOP-LV01S80" failures="0" tests="1" name="com.pom.WordPressTest" time="0.321" errors="0" timestamp="19 Feb 2020 13:27:16 GMT">
  <testcase classname="com.pom.WordPressTest" name="myTest" time="0.321"/>
</testsuite> <!-- com.pom.WordPressTest -->
