<?xml version="1.0" encoding="UTF-8"?>
<!-- Generated by org.testng.reporters.JUnitReportReporter -->
<testsuite hostname="DESKTOP-LV01S80" failures="0" tests="1" name="com.demoqa.Tabs" time="0.952" errors="0" timestamp="5 Nov 2019 11:14:48 GMT">
  <testcase classname="com.demoqa.Tabs" name="TabsClick" time="0.952"/>
</testsuite> <!-- com.demoqa.Tabs -->
