<?xml version="1.0" encoding="UTF-8"?>
<!-- Generated by org.testng.reporters.JUnitReportReporter -->
<testsuite hostname="DESKTOP-LV01S80" failures="0" tests="1" name="com.selenium.concepts.multitab2" time="22.182" errors="0" timestamp="3 Jan 2020 19:12:29 GMT">
  <testcase classname="com.selenium.concepts.multitab2" name="switchingBetweenTabs" time="22.182"/>
</testsuite> <!-- com.selenium.concepts.multitab2 -->
