<?xml version="1.0" encoding="UTF-8"?>
<!-- Generated by org.testng.reporters.JUnitReportReporter -->
<testsuite hostname="dell" failures="0" tests="1" name="testSelenium.Selenium_Concepts.myTest" time="0.015" errors="0" timestamp="10 Sep 2019 18:16:01 GMT">
  <testcase classname="testSelenium.Selenium_Concepts.myTest" name="test1" time="0.015"/>
</testsuite> <!-- testSelenium.Selenium_Concepts.myTest -->
